<?xml version="1.0" encoding="UTF-8"?>
<!-- Generated by org.testng.reporters.JUnitReportReporter -->
<testsuite skipped="0" hostname="DESKTOP-M2MH32B" name="com.qa.TEST_page.test" tests="1" failures="0" timestamp="16 Mar 2018 08:42:59 GMT" time="8.013" errors="0">
  <testcase name="exception_test" time="8.013" classname="com.qa.TEST_page.test"/>
</testsuite> <!-- com.qa.TEST_page.test -->
