<?xml version="1.0" encoding="UTF-8"?>
<!-- Generated by org.testng.reporters.JUnitReportReporter -->
<testsuite skipped="0" hostname="QD-44" name="com.qa.TEST_page.QA_IPHONE__Test" tests="2" failures="0" timestamp="21 Mar 2018 11:36:56 GMT" time="4.031" errors="0">
  <testcase name="next_page" time="2.297" classname="com.qa.TEST_page.QA_IPHONE__Test"/>
  <testcase name="next_page" time="1.734" classname="com.qa.TEST_page.QA_IPHONE__Test"/>
</testsuite> <!-- com.qa.TEST_page.QA_IPHONE__Test -->
