<?xml version="1.0" encoding="UTF-8"?>
<!-- Generated by org.testng.reporters.JUnitReportReporter -->
<testsuite skipped="0" hostname="QD-44" name="com.qa.TEST_page.QA_HOME__Test" tests="2" failures="0" timestamp="21 Mar 2018 11:36:56 GMT" time="3.128" errors="0">
  <testcase name="next_page" time="1.932" classname="com.qa.TEST_page.QA_HOME__Test"/>
  <testcase name="next_page" time="1.196" classname="com.qa.TEST_page.QA_HOME__Test"/>
</testsuite> <!-- com.qa.TEST_page.QA_HOME__Test -->
