<?xml version="1.0" encoding="UTF-8"?>
<testsuite xmlns:xsi="http://www.w3.org/2001/XMLSchema-instance" xsi:noNamespaceSchemaLocation="https://maven.apache.org/surefire/maven-surefire-plugin/xsd/surefire-test-report.xsd" name="TestSuite" time="39.572" tests="18" errors="0" skipped="0" failures="2">
  <properties>
    <property name="sun.desktop" value="windows"/>
    <property name="awt.toolkit" value="sun.awt.windows.WToolkit"/>
    <property name="file.encoding.pkg" value="sun.io"/>
    <property name="java.specification.version" value="1.8"/>
    <property name="sun.cpu.isalist" value="amd64"/>
    <property name="sun.jnu.encoding" value="Cp1252"/>
    <property name="java.class.path" value="C:\Users\dhruv.khandelwal\Downloads\com.qa.APPLE\com.qa.APPLE\target\test-classes;C:\Users\dhruv.khandelwal\Downloads\com.qa.APPLE\com.qa.APPLE\target\classes;C:\Users\dhruv.khandelwal\.m2\repository\org\seleniumhq\selenium\selenium-java\3.11.0\selenium-java-3.11.0.jar;C:\Users\dhruv.khandelwal\.m2\repository\org\seleniumhq\selenium\selenium-api\3.11.0\selenium-api-3.11.0.jar;C:\Users\dhruv.khandelwal\.m2\repository\org\seleniumhq\selenium\selenium-chrome-driver\3.11.0\selenium-chrome-driver-3.11.0.jar;C:\Users\dhruv.khandelwal\.m2\repository\org\seleniumhq\selenium\selenium-edge-driver\3.11.0\selenium-edge-driver-3.11.0.jar;C:\Users\dhruv.khandelwal\.m2\repository\org\seleniumhq\selenium\selenium-firefox-driver\3.11.0\selenium-firefox-driver-3.11.0.jar;C:\Users\dhruv.khandelwal\.m2\repository\org\seleniumhq\selenium\selenium-ie-driver\3.11.0\selenium-ie-driver-3.11.0.jar;C:\Users\dhruv.khandelwal\.m2\repository\org\seleniumhq\selenium\selenium-opera-driver\3.11.0\selenium-opera-driver-3.11.0.jar;C:\Users\dhruv.khandelwal\.m2\repository\org\seleniumhq\selenium\selenium-remote-driver\3.11.0\selenium-remote-driver-3.11.0.jar;C:\Users\dhruv.khandelwal\.m2\repository\org\seleniumhq\selenium\selenium-safari-driver\3.11.0\selenium-safari-driver-3.11.0.jar;C:\Users\dhruv.khandelwal\.m2\repository\org\seleniumhq\selenium\selenium-support\3.11.0\selenium-support-3.11.0.jar;C:\Users\dhruv.khandelwal\.m2\repository\net\bytebuddy\byte-buddy\1.7.9\byte-buddy-1.7.9.jar;C:\Users\dhruv.khandelwal\.m2\repository\org\apache\commons\commons-exec\1.3\commons-exec-1.3.jar;C:\Users\dhruv.khandelwal\.m2\repository\commons-codec\commons-codec\1.10\commons-codec-1.10.jar;C:\Users\dhruv.khandelwal\.m2\repository\commons-logging\commons-logging\1.2\commons-logging-1.2.jar;C:\Users\dhruv.khandelwal\.m2\repository\com\google\code\gson\gson\2.8.2\gson-2.8.2.jar;C:\Users\dhruv.khandelwal\.m2\repository\com\google\guava\guava\23.6-jre\guava-23.6-jre.jar;C:\Users\dhruv.khandelwal\.m2\repository\com\google\code\findbugs\jsr305\1.3.9\jsr305-1.3.9.jar;C:\Users\dhruv.khandelwal\.m2\repository\org\checkerframework\checker-compat-qual\2.0.0\checker-compat-qual-2.0.0.jar;C:\Users\dhruv.khandelwal\.m2\repository\com\google\errorprone\error_prone_annotations\2.1.3\error_prone_annotations-2.1.3.jar;C:\Users\dhruv.khandelwal\.m2\repository\com\google\j2objc\j2objc-annotations\1.1\j2objc-annotations-1.1.jar;C:\Users\dhruv.khandelwal\.m2\repository\org\codehaus\mojo\animal-sniffer-annotations\1.14\animal-sniffer-annotations-1.14.jar;C:\Users\dhruv.khandelwal\.m2\repository\org\apache\httpcomponents\httpclient\4.5.3\httpclient-4.5.3.jar;C:\Users\dhruv.khandelwal\.m2\repository\org\apache\httpcomponents\httpcore\4.4.6\httpcore-4.4.6.jar;C:\Users\dhruv.khandelwal\.m2\repository\com\squareup\okhttp3\okhttp\3.9.1\okhttp-3.9.1.jar;C:\Users\dhruv.khandelwal\.m2\repository\com\squareup\okio\okio\1.13.0\okio-1.13.0.jar;C:\Users\dhruv.khandelwal\.m2\repository\org\apache\poi\poi\3.17\poi-3.17.jar;C:\Users\dhruv.khandelwal\.m2\repository\org\apache\commons\commons-collections4\4.1\commons-collections4-4.1.jar;C:\Users\dhruv.khandelwal\.m2\repository\commons-io\commons-io\1.3.2\commons-io-1.3.2.jar;C:\Users\dhruv.khandelwal\.m2\repository\org\testng\testng\6.14.2\testng-6.14.2.jar;C:\Users\dhruv.khandelwal\.m2\repository\com\beust\jcommander\1.72\jcommander-1.72.jar;C:\Users\dhruv.khandelwal\.m2\repository\org\apache-extras\beanshell\bsh\2.0b6\bsh-2.0b6.jar;C:\Users\dhruv.khandelwal\.m2\repository\org\apache\maven\surefire\surefire-testng-utils\2.20.1\surefire-testng-utils-2.20.1.jar;C:\Users\dhruv.khandelwal\.m2\repository\org\apache\maven\surefire\surefire-grouper\2.20.1\surefire-grouper-2.20.1.jar;"/>
    <property name="java.vm.vendor" value="Oracle Corporation"/>
    <property name="sun.arch.data.model" value="64"/>
    <property name="user.variant" value=""/>
    <property name="java.vendor.url" value="http://java.oracle.com/"/>
    <property name="user.timezone" value=""/>
    <property name="java.vm.specification.version" value="1.8"/>
    <property name="os.name" value="Windows 7"/>
    <property name="user.country" value="US"/>
    <property name="sun.java.launcher" value="SUN_STANDARD"/>
    <property name="sun.boot.library.path" value="C:\Program Files\Java\jdk1.8.0_161\jre\bin"/>
    <property name="sun.java.command" value="C:\Users\DHRUV~1.KHA\AppData\Local\Temp\surefire3175861246945304255\surefirebooter2282088075730549661.jar C:\Users\dhruv.khandelwal\AppData\Local\Temp\surefire3175861246945304255 2018-03-21T17-06-16_591-jvmRun1 surefire8495413431732683831tmp surefire_02191969663770862694tmp"/>
    <property name="surefire.test.class.path" value="C:\Users\dhruv.khandelwal\Downloads\com.qa.APPLE\com.qa.APPLE\target\test-classes;C:\Users\dhruv.khandelwal\Downloads\com.qa.APPLE\com.qa.APPLE\target\classes;C:\Users\dhruv.khandelwal\.m2\repository\org\seleniumhq\selenium\selenium-java\3.11.0\selenium-java-3.11.0.jar;C:\Users\dhruv.khandelwal\.m2\repository\org\seleniumhq\selenium\selenium-api\3.11.0\selenium-api-3.11.0.jar;C:\Users\dhruv.khandelwal\.m2\repository\org\seleniumhq\selenium\selenium-chrome-driver\3.11.0\selenium-chrome-driver-3.11.0.jar;C:\Users\dhruv.khandelwal\.m2\repository\org\seleniumhq\selenium\selenium-edge-driver\3.11.0\selenium-edge-driver-3.11.0.jar;C:\Users\dhruv.khandelwal\.m2\repository\org\seleniumhq\selenium\selenium-firefox-driver\3.11.0\selenium-firefox-driver-3.11.0.jar;C:\Users\dhruv.khandelwal\.m2\repository\org\seleniumhq\selenium\selenium-ie-driver\3.11.0\selenium-ie-driver-3.11.0.jar;C:\Users\dhruv.khandelwal\.m2\repository\org\seleniumhq\selenium\selenium-opera-driver\3.11.0\selenium-opera-driver-3.11.0.jar;C:\Users\dhruv.khandelwal\.m2\repository\org\seleniumhq\selenium\selenium-remote-driver\3.11.0\selenium-remote-driver-3.11.0.jar;C:\Users\dhruv.khandelwal\.m2\repository\org\seleniumhq\selenium\selenium-safari-driver\3.11.0\selenium-safari-driver-3.11.0.jar;C:\Users\dhruv.khandelwal\.m2\repository\org\seleniumhq\selenium\selenium-support\3.11.0\selenium-support-3.11.0.jar;C:\Users\dhruv.khandelwal\.m2\repository\net\bytebuddy\byte-buddy\1.7.9\byte-buddy-1.7.9.jar;C:\Users\dhruv.khandelwal\.m2\repository\org\apache\commons\commons-exec\1.3\commons-exec-1.3.jar;C:\Users\dhruv.khandelwal\.m2\repository\commons-codec\commons-codec\1.10\commons-codec-1.10.jar;C:\Users\dhruv.khandelwal\.m2\repository\commons-logging\commons-logging\1.2\commons-logging-1.2.jar;C:\Users\dhruv.khandelwal\.m2\repository\com\google\code\gson\gson\2.8.2\gson-2.8.2.jar;C:\Users\dhruv.khandelwal\.m2\repository\com\google\guava\guava\23.6-jre\guava-23.6-jre.jar;C:\Users\dhruv.khandelwal\.m2\repository\com\google\code\findbugs\jsr305\1.3.9\jsr305-1.3.9.jar;C:\Users\dhruv.khandelwal\.m2\repository\org\checkerframework\checker-compat-qual\2.0.0\checker-compat-qual-2.0.0.jar;C:\Users\dhruv.khandelwal\.m2\repository\com\google\errorprone\error_prone_annotations\2.1.3\error_prone_annotations-2.1.3.jar;C:\Users\dhruv.khandelwal\.m2\repository\com\google\j2objc\j2objc-annotations\1.1\j2objc-annotations-1.1.jar;C:\Users\dhruv.khandelwal\.m2\repository\org\codehaus\mojo\animal-sniffer-annotations\1.14\animal-sniffer-annotations-1.14.jar;C:\Users\dhruv.khandelwal\.m2\repository\org\apache\httpcomponents\httpclient\4.5.3\httpclient-4.5.3.jar;C:\Users\dhruv.khandelwal\.m2\repository\org\apache\httpcomponents\httpcore\4.4.6\httpcore-4.4.6.jar;C:\Users\dhruv.khandelwal\.m2\repository\com\squareup\okhttp3\okhttp\3.9.1\okhttp-3.9.1.jar;C:\Users\dhruv.khandelwal\.m2\repository\com\squareup\okio\okio\1.13.0\okio-1.13.0.jar;C:\Users\dhruv.khandelwal\.m2\repository\org\apache\poi\poi\3.17\poi-3.17.jar;C:\Users\dhruv.khandelwal\.m2\repository\org\apache\commons\commons-collections4\4.1\commons-collections4-4.1.jar;C:\Users\dhruv.khandelwal\.m2\repository\commons-io\commons-io\1.3.2\commons-io-1.3.2.jar;C:\Users\dhruv.khandelwal\.m2\repository\org\testng\testng\6.14.2\testng-6.14.2.jar;C:\Users\dhruv.khandelwal\.m2\repository\com\beust\jcommander\1.72\jcommander-1.72.jar;C:\Users\dhruv.khandelwal\.m2\repository\org\apache-extras\beanshell\bsh\2.0b6\bsh-2.0b6.jar;C:\Users\dhruv.khandelwal\.m2\repository\org\apache\maven\surefire\surefire-testng-utils\2.20.1\surefire-testng-utils-2.20.1.jar;C:\Users\dhruv.khandelwal\.m2\repository\org\apache\maven\surefire\surefire-grouper\2.20.1\surefire-grouper-2.20.1.jar;"/>
    <property name="sun.cpu.endian" value="little"/>
    <property name="user.home" value="C:\Users\dhruv.khandelwal"/>
    <property name="user.language" value="en"/>
    <property name="java.specification.vendor" value="Oracle Corporation"/>
    <property name="java.home" value="C:\Program Files\Java\jdk1.8.0_161\jre"/>
    <property name="basedir" value="C:\Users\dhruv.khandelwal\Downloads\com.qa.APPLE\com.qa.APPLE"/>
    <property name="file.separator" value="\"/>
    <property name="line.separator" value="&#10;"/>
    <property name="java.vm.specification.vendor" value="Oracle Corporation"/>
    <property name="java.specification.name" value="Java Platform API Specification"/>
    <property name="java.awt.graphicsenv" value="sun.awt.Win32GraphicsEnvironment"/>
    <property name="surefire.real.class.path" value="C:\Users\DHRUV~1.KHA\AppData\Local\Temp\surefire3175861246945304255\surefirebooter2282088075730549661.jar"/>
    <property name="sun.boot.class.path" value="C:\Program Files\Java\jdk1.8.0_161\jre\lib\resources.jar;C:\Program Files\Java\jdk1.8.0_161\jre\lib\rt.jar;C:\Program Files\Java\jdk1.8.0_161\jre\lib\sunrsasign.jar;C:\Program Files\Java\jdk1.8.0_161\jre\lib\jsse.jar;C:\Program Files\Java\jdk1.8.0_161\jre\lib\jce.jar;C:\Program Files\Java\jdk1.8.0_161\jre\lib\charsets.jar;C:\Program Files\Java\jdk1.8.0_161\jre\lib\jfr.jar;C:\Program Files\Java\jdk1.8.0_161\jre\classes"/>
    <property name="user.script" value=""/>
    <property name="sun.management.compiler" value="HotSpot 64-Bit Tiered Compilers"/>
    <property name="java.runtime.version" value="1.8.0_161-b12"/>
    <property name="user.name" value="dhruv.khandelwal"/>
    <property name="path.separator" value=";"/>
    <property name="os.version" value="6.1"/>
    <property name="java.endorsed.dirs" value="C:\Program Files\Java\jdk1.8.0_161\jre\lib\endorsed"/>
    <property name="java.runtime.name" value="Java(TM) SE Runtime Environment"/>
    <property name="file.encoding" value="Cp1252"/>
    <property name="java.vm.name" value="Java HotSpot(TM) 64-Bit Server VM"/>
    <property name="localRepository" value="C:\Users\dhruv.khandelwal\.m2\repository"/>
    <property name="java.vendor.url.bug" value="http://bugreport.sun.com/bugreport/"/>
    <property name="java.io.tmpdir" value="C:\Users\DHRUV~1.KHA\AppData\Local\Temp\"/>
    <property name="java.version" value="1.8.0_161"/>
    <property name="user.dir" value="C:\Users\dhruv.khandelwal\Downloads\com.qa.APPLE\com.qa.APPLE"/>
    <property name="os.arch" value="amd64"/>
    <property name="java.vm.specification.name" value="Java Virtual Machine Specification"/>
    <property name="java.awt.printerjob" value="sun.awt.windows.WPrinterJob"/>
    <property name="sun.os.patch.level" value="Service Pack 1"/>
    <property name="java.library.path" value="C:\Program Files\Java\jdk1.8.0_161\jre\bin;C:\Windows\Sun\Java\bin;C:\Windows\system32;C:\Windows;C:/Program Files/Java/jdk1.8.0_161/bin/../jre/bin/server;C:/Program Files/Java/jdk1.8.0_161/bin/../jre/bin;C:/Program Files/Java/jdk1.8.0_161/bin/../jre/lib/amd64;C:\Program Files (x86)\Intel\iCLS Client\;C:\Program Files\Intel\iCLS Client\;C:\Windows\system32;C:\Windows;C:\Windows\System32\Wbem;C:\Windows\System32\WindowsPowerShell\v1.0\;C:\Program Files\Intel\Intel(R) Management Engine Components\DAL;C:\Program Files\Intel\Intel(R) Management Engine Components\IPT;C:\Program Files (x86)\Intel\Intel(R) Management Engine Components\DAL;C:\Program Files (x86)\Intel\Intel(R) Management Engine Components\IPT;C:\Program Files\Java\jdk1.8.0_161\bin;C:\Users\dhruv\Downloads\apache-maven-3.5.2-bin\apache-maven-3.5.2\bin;C:\Program Files\MySQL\MySQL Utilities 1.6\;C:\Program Files\Git\cmd;C:\Users\dhruv.khandelwal\Desktop;;."/>
    <property name="java.vm.info" value="mixed mode"/>
    <property name="java.vendor" value="Oracle Corporation"/>
    <property name="java.vm.version" value="25.161-b12"/>
    <property name="java.ext.dirs" value="C:\Program Files\Java\jdk1.8.0_161\jre\lib\ext;C:\Windows\Sun\Java\lib\ext"/>
    <property name="sun.io.unicode.encoding" value="UnicodeLittle"/>
    <property name="java.class.version" value="52.0"/>
  </properties>
  <testcase name="failed_test1" classname="com.qa.TEST_page.QA_Failed_testing" time="0.331">
    <failure message="expected [true] but found [false]" type="java.lang.AssertionError">java.lang.AssertionError: expected [true] but found [false]
	at com.qa.TEST_page.QA_Failed_testing.failed_test1(QA_Failed_testing.java:17)
</failure>
    <system-out><![CDATA[[TestNG] [WARN] Ignoring duplicate listener : Report.Listners_01
[TestNG] [WARN] Ignoring duplicate listener : Report.Ireporters
***** Error failed_test1 test has failed *****
***Placed screen shot in C:\Users\dhruv.khandelwal\Downloads\com.qa.APPLE\com.qa.APPLE\TEST_RESULTS\Screenshots ***
]]></system-out>
    <system-err><![CDATA[Starting ChromeDriver 2.32.498550 (9dec58e66c31bcc53a9ce3c7226f0c1c5810906a) on port 16223
Only local connections are allowed.
Mar 21, 2018 5:06:19 PM org.openqa.selenium.remote.ProtocolHandshake createSession
INFO: Detected dialect: OSS
]]></system-err>
  </testcase>
  <testcase name="failed_test1" classname="com.qa.TEST_page.QA_Failed_testing" time="0.092">
    <failure message="expected [true] but found [false]" type="java.lang.AssertionError">java.lang.AssertionError: expected [true] but found [false]
	at com.qa.TEST_page.QA_Failed_testing.failed_test1(QA_Failed_testing.java:17)
</failure>
    <system-out><![CDATA[***** Error failed_test1 test has failed *****
***Placed screen shot in C:\Users\dhruv.khandelwal\Downloads\com.qa.APPLE\com.qa.APPLE\TEST_RESULTS\Screenshots ***
]]></system-out>
    <system-err><![CDATA[1521632201449	geckodriver	INFO	geckodriver 0.19.0
1521632201456	geckodriver	INFO	Listening on 127.0.0.1:40915
1521632202011	mozrunner::runner	INFO	Running command: "C:\\Program Files\\Mozilla Firefox\\firefox.exe" "-marionette" "-profile" "C:\\Users\\DHRUV~1.KHA\\AppData\\Local\\Temp\\rust_mozprofile.LswY8acPcZd2"
[GFX1]: Potential driver version mismatch ignored due to missing DLLs igd10umd64 v= and igd10iumd64 v=
1521632202594	Marionette	INFO	Enabled via --marionette
[GFX1]: Potential driver version mismatch ignored due to missing DLLs igd10umd64 v= and igd10iumd64 v=
[GFX1]: Potential driver version mismatch ignored due to missing DLLs igd10umd64 v= and igd10iumd64 v=
[GFX1]: Potential driver version mismatch ignored due to missing DLLs igd10umd64 v= and igd10iumd64 v=
1521632204908	Marionette	INFO	Listening on port 55809
1521632205220	Marionette	WARN	TLS certificate errors will be ignored for this session
Mar 21, 2018 5:06:45 PM org.openqa.selenium.remote.ProtocolHandshake createSession
INFO: Detected dialect: W3C
]]></system-err>
  </testcase>
  <testcase name="next_page" classname="com.qa.TEST_page.QA_HOME__Test" time="1.932"/>
  <testcase name="next_page" classname="com.qa.TEST_page.QA_HOME__Test" time="1.196"/>
  <testcase name="next_page" classname="com.qa.TEST_page.QA_IPAD__Test" time="2.579"/>
  <testcase name="next_page" classname="com.qa.TEST_page.QA_IPAD__Test" time="1.048"/>
  <testcase name="next_page" classname="com.qa.TEST_page.QA_MAC__Test" time="1.307"/>
  <testcase name="next_page" classname="com.qa.TEST_page.QA_MAC__Test" time="0.391"/>
  <testcase name="next_page" classname="com.qa.TEST_page.QA_IPHONE__Test" time="2.298"/>
  <testcase name="next_page" classname="com.qa.TEST_page.QA_IPHONE__Test" time="1.736"/>
  <testcase name="next_page" classname="com.qa.TEST_page.QA_WATCH__Test" time="2.444"/>
  <testcase name="next_page" classname="com.qa.TEST_page.QA_WATCH__Test" time="0.931"/>
  <testcase name="next_page" classname="com.qa.TEST_page.QA_TV__Test" time="2.891"/>
  <testcase name="next_page" classname="com.qa.TEST_page.QA_TV__Test" time="1.271"/>
  <testcase name="next_page" classname="com.qa.TEST_page.QA_MUSIC__Test" time="2.682"/>
  <testcase name="next_page" classname="com.qa.TEST_page.QA_MUSIC__Test" time="0.802"/>
  <testcase name="next_page" classname="com.qa.TEST_page.QA_SUPPORT__Test" time="0.959"/>
  <testcase name="next_page" classname="com.qa.TEST_page.QA_SUPPORT__Test" time="0.555"/>
</testsuite>